<?xml version="1.0" encoding="UTF-8"?>
<!-- Generated by org.testng.reporters.JUnitReportReporter -->
<testsuite hostname="LAPTOP-QKCURUKN" failures="0" tests="6" name="com.quantum.Header" time="35.359" errors="0" timestamp="2024-02-08T18:08:57 IST" skipped="0">
  <testcase classname="com.quantum.Header" name="setUp" time="4.247"/>
  <testcase classname="com.quantum.Header" name="LogoVisibilityTest" time="6.329"/>
  <testcase classname="com.quantum.Header" name="LogoLinkTest" time="6.173"/>
  <testcase classname="com.quantum.Header" name="HomeLinkTest" time="6.123"/>
  <testcase classname="com.quantum.Header" name="BookWorkshopLinkTest" time="6.250"/>
  <testcase classname="com.quantum.Header" name="TestimonialsLinkTest" time="6.237"/>
</testsuite> <!-- com.quantum.Header -->
