<?xml version="1.0" encoding="UTF-8"?>
<!-- Generated by org.testng.reporters.JUnitReportReporter -->
<testsuite hostname="LAPTOP-QKCURUKN" failures="0" tests="1" name="com.quantum.Testimonials" time="21.837" errors="0" timestamp="2024-02-19T14:37:32 IST" skipped="0">
  <testcase classname="com.quantum.Testimonials" name="VerifyTestimonialSearch" time="21.837"/>
</testsuite> <!-- com.quantum.Testimonials -->
