<?xml version="1.0" encoding="UTF-8"?>
<!-- Generated by org.testng.reporters.JUnitReportReporter -->
<testsuite hostname="LAPTOP-QKCURUKN" failures="0" tests="1" name="com.quantum.Homepage" time="6.431" errors="0" timestamp="2024-02-09T14:38:13 IST" skipped="0">
  <testcase classname="com.quantum.Homepage" name="FooterNavigation" time="6.431"/>
</testsuite> <!-- com.quantum.Homepage -->
