<?xml version="1.0" encoding="UTF-8"?>
<!-- Generated by org.testng.reporters.JUnitReportReporter -->
<testsuite hostname="LAPTOP-QKCURUKN" failures="0" tests="1" name="com.quantum.BookWorkshop" time="45.477" errors="0" timestamp="2024-02-17T19:12:54 IST" skipped="0">
  <testcase classname="com.quantum.BookWorkshop" name="Validationforemail" time="45.477"/>
</testsuite> <!-- com.quantum.BookWorkshop -->
