<?xml version="1.0" encoding="UTF-8"?>
<!-- Generated by org.testng.reporters.JUnitReportReporter -->
<testsuite hostname="LAPTOP-QKCURUKN" failures="0" tests="1" name="com.quantum.BookWorkshop" time="12.499" errors="0" timestamp="2024-02-12T17:03:05 IST" skipped="0">
  <testcase classname="com.quantum.BookWorkshop" name="Presenceofworkshopform" time="12.499"/>
</testsuite> <!-- com.quantum.BookWorkshop -->
