<?xml version="1.0" encoding="UTF-8"?>
<!-- Generated by org.testng.reporters.JUnitReportReporter -->
<testsuite hostname="LAPTOP-QKCURUKN" failures="0" tests="1" name="com.quantum.AboutUs" time="9.385" errors="0" timestamp="2024-02-19T14:45:56 IST" skipped="0">
  <testcase classname="com.quantum.AboutUs" name="CompanyHistory" time="9.385"/>
</testsuite> <!-- com.quantum.AboutUs -->
